Performing C SOURCE FILE Test CMAKE_HAVE_LIBC_PTHREAD failed with the following output:
Change Dir: /home/sriramsrinivas@unomaha.edu/CLionProjects/grappolo/cmake-build-debug/CMakeFiles/CMakeTmp

Run Build Command(s):/usr/bin/make cmTC_890df/fast && /usr/bin/make -f CMakeFiles/cmTC_890df.dir/build.make CMakeFiles/cmTC_890df.dir/build
make[1]: Entering directory '/home/sriramsrinivas@unomaha.edu/CLionProjects/grappolo/cmake-build-debug/CMakeFiles/CMakeTmp'
Building C object CMakeFiles/cmTC_890df.dir/src.c.o
/usr/bin/cc   -fPIC -DCMAKE_HAVE_LIBC_PTHREAD   -o CMakeFiles/cmTC_890df.dir/src.c.o   -c /home/sriramsrinivas@unomaha.edu/CLionProjects/grappolo/cmake-build-debug/CMakeFiles/CMakeTmp/src.c
Linking C executable cmTC_890df
/home/sriramsrinivas@unomaha.edu/Downloads/clion-2019.3.2/bin/cmake/linux/bin/cmake -E cmake_link_script CMakeFiles/cmTC_890df.dir/link.txt --verbose=1
/usr/bin/cc -fPIC -DCMAKE_HAVE_LIBC_PTHREAD    -rdynamic CMakeFiles/cmTC_890df.dir/src.c.o  -o cmTC_890df 
CMakeFiles/cmTC_890df.dir/src.c.o: In function `main':
src.c:(.text+0x3e): undefined reference to `pthread_create'
src.c:(.text+0x4a): undefined reference to `pthread_detach'
src.c:(.text+0x5b): undefined reference to `pthread_join'
src.c:(.text+0x6f): undefined reference to `pthread_atfork'
collect2: error: ld returned 1 exit status
CMakeFiles/cmTC_890df.dir/build.make:86: recipe for target 'cmTC_890df' failed
make[1]: *** [cmTC_890df] Error 1
make[1]: Leaving directory '/home/sriramsrinivas@unomaha.edu/CLionProjects/grappolo/cmake-build-debug/CMakeFiles/CMakeTmp'
Makefile:121: recipe for target 'cmTC_890df/fast' failed
make: *** [cmTC_890df/fast] Error 2


Source file was:
#include <pthread.h>

void* test_func(void* data)
{
  return data;
}

int main(void)
{
  pthread_t thread;
  pthread_create(&thread, NULL, test_func, NULL);
  pthread_detach(thread);
  pthread_join(thread, NULL);
  pthread_atfork(NULL, NULL, NULL);
  pthread_exit(NULL);

  return 0;
}

Determining if the function pthread_create exists in the pthreads failed with the following output:
Change Dir: /home/sriramsrinivas@unomaha.edu/CLionProjects/grappolo/cmake-build-debug/CMakeFiles/CMakeTmp

Run Build Command(s):/usr/bin/make cmTC_c7eea/fast && /usr/bin/make -f CMakeFiles/cmTC_c7eea.dir/build.make CMakeFiles/cmTC_c7eea.dir/build
make[1]: Entering directory '/home/sriramsrinivas@unomaha.edu/CLionProjects/grappolo/cmake-build-debug/CMakeFiles/CMakeTmp'
Building C object CMakeFiles/cmTC_c7eea.dir/CheckFunctionExists.c.o
/usr/bin/cc   -fPIC -DCHECK_FUNCTION_EXISTS=pthread_create   -o CMakeFiles/cmTC_c7eea.dir/CheckFunctionExists.c.o   -c /home/sriramsrinivas@unomaha.edu/Downloads/clion-2019.3.2/bin/cmake/linux/share/cmake-3.15/Modules/CheckFunctionExists.c
Linking C executable cmTC_c7eea
/home/sriramsrinivas@unomaha.edu/Downloads/clion-2019.3.2/bin/cmake/linux/bin/cmake -E cmake_link_script CMakeFiles/cmTC_c7eea.dir/link.txt --verbose=1
/usr/bin/cc -fPIC -DCHECK_FUNCTION_EXISTS=pthread_create    -rdynamic CMakeFiles/cmTC_c7eea.dir/CheckFunctionExists.c.o  -o cmTC_c7eea -lpthreads 
/usr/bin/ld: cannot find -lpthreads
collect2: error: ld returned 1 exit status
CMakeFiles/cmTC_c7eea.dir/build.make:86: recipe for target 'cmTC_c7eea' failed
make[1]: *** [cmTC_c7eea] Error 1
make[1]: Leaving directory '/home/sriramsrinivas@unomaha.edu/CLionProjects/grappolo/cmake-build-debug/CMakeFiles/CMakeTmp'
Makefile:121: recipe for target 'cmTC_c7eea/fast' failed
make: *** [cmTC_c7eea/fast] Error 2



